<?xml version="1.0" encoding="UTF-8"?>
<testng-results ignored="0" total="1" passed="1" failed="0" skipped="0">
  <reporter-output>
  </reporter-output>
  <suite started-at="2024-04-16T08:21:34 ICT" name="Default suite" finished-at="2024-04-16T08:22:04 ICT" duration-ms="29318">
    <groups>
    </groups>
    <test started-at="2024-04-16T08:21:34 ICT" name="Default test" finished-at="2024-04-16T08:22:04 ICT" duration-ms="29318">
      <class name="DAO.DAO.DAO.loginweb">
        <test-method signature="setup()[pri:0, instance:DAO.DAO.DAO.loginweb@30ee2816]" started-at="2024-04-16T08:21:34 ICT" name="setup" finished-at="2024-04-16T08:22:04 ICT" duration-ms="29271" status="PASS">
          <reporter-output>
          </reporter-output>
        </test-method> <!-- setup -->
      </class> <!-- DAO.DAO.DAO.loginweb -->
    </test> <!-- Default test -->
  </suite> <!-- Default suite -->
</testng-results>
